v2.4.14-20260323
* 모바일 에펨코리아 바깥 화면에서만 남아 있던 축소 규칙을 줄여 디시 모바일과 비슷한 글자 크기, 탭 크기, 줄 높이로 보이도록 비율만 조정

v2.4.13-20260323
* 모바일 에펨코리아 채팅 줄에 디시 모바일과 같은 가로형 보정을 다시 걸어 닉네임과 본문이 한 줄에서 왼쪽 정렬로 읽히도록 정리
* 모바일 에펨코리아에서도 하단 입력창과 보조 버튼을 숨겨 채팅창만 남기고, 중간 폭 구간의 과한 여백을 줄여 Fold 바깥 화면에서 너무 작게 보이던 문제를 줄임
* 모바일 에펨코리아 목록 요청은 15초 안쪽 재요청을 캐시로 넘기고 차단 응답의 대기 시간을 짧게 잡아 2분쯤 멈췄다가 오래 쉬는 현상을 완화

v2.4.12-20260323
* 모바일 에펨코리아 채팅 줄 배치를 디시 모바일 읽기 방식에 가깝게 바꿔 닉네임과 본문이 한 줄에서 좌측 정렬로 읽히도록 조정
* 모바일 에펨코리아 중간 폭 구간에서 디시용 페이지 최대 너비 규칙만 적용되도록 좁혀 에펨코리아가 괜히 작은 판처럼 보이지 않게 정리

v2.4.11-20260323
* 모바일 에펨코리아 채팅 표시가 깨진 `2.4.10` 변경을 걷어내고, 채팅이 뜨던 직전 모바일 경로로 되돌림
* 모바일 전용 버전 표시는 `2.4.11`로 올려 다시 설치했을 때 예전 파일과 헷갈리지 않도록 정리

v2.4.9-20260323
* 모바일 에펨코리아 목록 갱신에서 차단 응답을 예전 목록 `200`으로 덮어쓰지 않도록 바꿔 컴퓨터판과 같은 백오프 신호를 살림
* 모바일 숨은 프레임 목록 읽기는 보안 페이지를 더 지켜보다가 실제 목록이 뜰 때만 성공으로 넘기고, 끝까지 막히면 차단 상태로 반환하도록 수정

v2.4.8-20260323
* 모바일 디시 채팅 제목을 한 줄 우선으로 바꾸고 줄바꿈 대신 말줄임으로 정리
* 모바일 에펨코리아는 모바일 번들 안에서 작업자 스레드를 끄고 메인 스레드 보정 경로만 쓰도록 조정

v2.4.7-20260323
* 모바일 전용 시작 코드를 즉시 실행으로 바꿔 본체가 타이머를 지워도 디시 모바일 레이아웃 보정이 유지되도록 수정
* 모바일 디시는 영상 영역, 생방송 주소 입력, 메시지 입력과 하단 조작 버튼을 숨기고 채팅 줄을 가로 읽기 배치로 다시 정리
* 모바일 에펨코리아는 데스크톱 목록 구조도 읽기용 행 구조로 바꿀 수 있게 보강해 Firefox 데스크톱 보기에서 채팅이 비는 문제를 수정
* 모바일 전용 버전을 `2.4.7` 규칙으로 올리고 배포 파일 내부 표시도 같이 갱신

v2.4.6-20260323
* 에펨코리아 갱신 루프를 작업자 스레드로 다시 돌릴 수 있게 정리
* 에펨코리아 목록 요청에 보안 응답이나 비정상 응답이 오면 잠시 쉬었다가 다시 붙도록 백오프 추가
* 탭을 다시 보면 에펨코리아 갱신을 즉시 다시 맞추도록 복귀 재동기화 추가
* 에펨코리아 기본 갱신 간격을 완화해 장시간 사용 시 안정성 개선
* 안드로이드용 사용자 스크립트 로더 `dclivechat.user.js` 추가
* Firefox 안드로이드 전용으로 페이지 문맥에서 실행하는 `dclivechat.mobile.user.js` 추가
* 모바일 전용 분리 본체 `min.mobile.js` 추가
* Fold 계열처럼 좁은 바깥 화면과 넓은 안쪽 화면 비율에 맞춘 모바일 전용 UI 조정 추가
* 모바일 전용 로더에서 디시인사이드 모바일 주소를 PC 목록 주소로 넘기도록 보완
* 모바일 Firefox에서 에펨코리아 목록 `fetch`가 막힐 때 숨은 프레임으로 HTML을 읽어오는 우회 경로 추가
* 모바일 디시는 채팅 줄이 가로로 읽히는 채팅 전용 배치로 정리
* 모바일 에펨코리아는 PC판 에펨코리아 배치에 더 가깝게 조정
* 모바일 디시는 영상과 입력 영역을 숨기고 닉네임과 글이 같은 줄에서 가로로 읽히도록 정리
* 모바일 에펨코리아는 모바일 목록 `li` 구조를 읽기용 행 구조로 바꿔 채팅이 비지 않도록 보완
* 모바일 디시는 화면 생성 뒤에도 채팅 전용 가로 배치를 강제로 유지하도록 후처리 보강

v2.4.5-20260323
* 에펨코리아 새 글 갱신 코드를 작업자 스레드에서도 돌 수 있게 정리
* 에펨코리아 목록 읽기에서 브라우저 전용 파서 의존을 줄여 장시간 갱신 안정성 개선

v2.4.4-20260323
* 에펨코리아에서 저장된 설정을 불러온 뒤에도 원래 채팅 전용 가로 배치가 유지되도록 수정
* 에펨코리아 전용 화면 덮어쓰기를 더 걷어내고 기존 dclivechat 레이아웃에 가깝게 정리

v2.4.3-20260323
* 에펨코리아 채팅 줄이 가운데 좁은 칼럼처럼 보이던 문제 수정
* 에펨코리아 채팅 줄과 제목 영역을 좌측 정렬로 되돌리고 가로 폭을 거의 전체 사용하도록 조정
* 에펨코리아 화면 톤을 기존 UI에 더 가깝게 단순화

v2.4.2-20260323
* 에펨코리아에서 영상 영역과 생방송 주소 입력창이 뜨지 않도록 전용 읽기 화면으로 정리
* 에펨코리아 탭 필터를 헤더 바로 아래에 고정하고 넓은 화면에서 더 많이 보이도록 배치 개선
* 에펨코리아 탭 파싱을 현재 문서 기준으로 보강해 다른 게시판에서 누락될 가능성 완화
* 에펨코리아 본문 링크 클릭 시 영상 추가 대신 새 탭 열기만 제공하도록 정리

v2.4.1-20260322
* 에펨코리아 탭 선택 UI에서 `전체` 체크 표시가 더 잘 보이도록 수정
* 긴 탭 이름이 잘리지 않도록 여러 줄 배치로 개선

v2.4.0-20260322
* 에펨코리아 게시판 읽기 전용 지원 추가
* 에펨코리아 게시판 탭 필터 추가
* 에펨코리아 글 제목 앞에 작은 탭 표시 추가
* 에펨코리아 `전체` 탭 선택 추가
* 해외축구 외 다른 에펨코리아 게시판도 사용할 수 있도록 목록 파싱 개선
* 에펨코리아 그림형 게시판 대응 보완

v2.3.0-20231023
* 글/댓글 삭제 기능 추가
* 키워드/ID/IP/닉네임 차단 기능 추가
* 이미지 붙여넣기 업로드 지원
* 댓글에 일부 문자가 표시되지 않는 문제 수정
* 불필요한 댓글 업데이트 문제 수정
* 일부 이미지가 제대로 표시되지 않는 문제 수정
* 글 제목에 이모티콘이 제대로 표시되지 않는 문제 수정
* 글 내용 불러오기 시 메모리 사용량 개선
* 기타 UI 개선

v2.2.4-20231011
* 오류 발생 시 채팅창 강제 새로고침 기능 추가
* 닉네임 아이콘 표시 옵션 추가
* 글 본문에 디시콘이 제대로 첨부되지 않던 문제 수정

v2.2.3-20231005
* 성능 개선
    * 글 목록 업데이트 시 메모리 사용량 개선
    * 글 목록 업데이트를 백그라운드에서 실행하도록 변경
    * 필요 시에만 디시콘 정보를 불러오도록 수정
* 버그 수정
    * 임베드 링크가 깨져보이는 문제 수정
    * 작은 용량의 이미지 첨부 문제 수정
* 기타 UI 개선

v2.2.2-20231001
* 글에 첨부된 동영상이 제대로 표시되지 않는 문제 수정
* 부드러운 스크롤 애니메이션 사용 시 포커스가 풀리는 문제 수정
* 기타 성능 개선
* 기타 UI 개선

v2.2.1-20230912
* 주요 업데이트가 아닌 경우 알림이 나오지 않도록 변경
* 업데이트 알림이 계속 나오는 문제 수정
* 브라우저 호환성 개선

v2.2.0-20230911
* 자동짤방 및 여러 이미지 첨부 기능 추가
* 꼬리말 수정 기능 추가
* 프로토콜이 명시되지 않은 주소가 열리지 않는 문제 수정
* 최초 실행 시 안내사항 표시
* 모바일 채팅창 오버스크롤 문제 수정
* 일부 환경에서 이미지 드롭이 되지 않는 문제 수정
* 반응형 UI 개선
* 브라우저 호환성 개선
* 기타 UI 개선

v2.1.2-20230214
* 이미지가 정상적으로 업로드되지 않던 문제 수정
* 일부 버튼에 툴팁 추가
* 상단바 숨기기 클릭 시 배치 바꾸기가 완료되도록 수정
* 기타 성능 개선
* 기타 UI 개선

v2.1.1-20230206
* 메모리 누수 문제 추가 개선

v2.1.0-20230206
* 상단바 숨기기 버튼 추가
* 댓글 및 답글 입력 시 쉽게 알아볼 수 있도록 변경
* 이미지 확대, 다운로드 기능 추가
* 영상 링크 임베드 추가
* 다크 모드 옵션 추가
* 설정 카테고리 분리
* 빌리빌리 영상 시청 시 최상위 페이지가 전환되는 문제 수정
* 오랜 시간 사용 시 메모리 누수가 발생하는 문제 수정
* 디시콘 로드 방식 개선
* 기타 UI 개선

v2.0.1-20230125
* 앱이 정상적으로 로드되지 않았을 때의 예외 처리 추가

v2.0.0-20230125
* javascript 코드를 웹에서 로드하도록 변경

v1.5.5-20230124
* 아이폰에서 반응형 UI가 작동하지 않는 문제 수정

v1.5.4-20230124
* 유동 로그인 숨기기 옵션이 작동하지 않는 문제 수정
* 입력 후 모바일 화면이 제대로 표시되지 않는 문제 수정

v1.5.3-20230123
* 구글 reCaptcha v3 지원
* 일부 환경에서 링크가 열리지 않는 문제 수정

v1.5.2-20230121
* 모바일에서 댓글수가 제대로 보이지 않던 문제 수정

v1.5.1-20230121
* 글 본문 닫을 시 내부 영상이 멈추도록 수정
* 일부 디시콘이 보이지 않던 문제 수정
* 레이아웃이 변경되는 최소 너비 추가
* 기타 UI 개선

v1.5.0-20230120
* 다중 화면 (마도) 기능 추가
* 옵션이 브라우저에 저장됨
* 재접속시 마지막 시청 목록이 유지됨
* 일부 유튜브 링크가 열리지 않던 문제 수정
* 모바일 UI 개선
* 기타 UI 개선

v1.4.1-20230118
* 댓글 도배 방지 코드가 보이지 않던 문제 수정

v1.4.0-20230118
* 전체 닫기 버튼 추가
* 알림 기능 추가
* 댓글수 하이라이트 옵션 추가
* 차단한 사용자의 글이 더 이상 표시되지 않음
* 글에 달리던 랜덤 태그(#)를 랜덤 공백문자로 변경
* 답글이 올라가지 않던 문제 수정
* 갤러리별 공지 기능 삭제
* 툴팁 기능 삭제

v1.3.0-20230117
* 미니 갤러리 지원
* captcha 지원

v1.2.2-20230116b
* 자잘한 버그 수정

v1.2.2-20230116
* 여러 창을 열고 닫을 때 전에 닫았던 글이 전부 열리는 문제 수정
* 글 제목 클릭시 글이 열리도록 수정

v1.2.1-20230116
* 드래그 앤 드롭으로 이미지 업로드 가능
* 유동 로그인 입력란 숨기기 옵션 추가
* 글 내용 열기 최대 개수 제한
* 부드러운 스크롤 애니메이션 사용 시 포커스가 풀리는 문제 수정
* 기타 UI 개선

v1.2.0-20230116
* 이미지 업로드 기능 추가
* 부드러운 스크롤 애니메이션
* 일부 메뉴에 툴팁 추가
* 권한이 없는 갤러리에서 채팅창 비활성화
* 모바일에서 엔터가 글쓰기로 이어지는 문제 수정
* 유니코드 문자열 이스케이프 방식 수정

v1.1.2-20230115
* 답글 대상 표시
* 비디오 링크 클릭 시 바로 시청

v1.1.1-20230114b
* 여러 줄 쓰기 가능 (공앱 퀵쓰기와 동일)
* 기타 UI 개선

v1.1.0-20230114
* 자체 도배 제한
* 댓글 및 대댓글 기능
* 디시콘 댓글 기능
* (실험적) 비디오 없이 채팅창만 사용하는 옵션 추가
* 디시콘 클릭 시 불필요한 동작이 일어나는 문제 수정

v1.0.1-20230113b
* 일부 브라우저에서의 fetch 오류 수정
* 일부 브라우저에서의 자동완성 문제 수정
* 잘못된 링크를 입력받는 문제 수정

v1.0.0-20230113
* 첫 공개 버전
